[17:31:22] [INIT] KubeJS 2001.6.5-build.26; MC 2001 forge
[17:31:22] [INIT] Loaded plugins:
[17:31:22] [INIT] - dev.latvian.mods.kubejs.forge.BuiltinKubeJSForgePlugin
[17:31:22] [INIT] - dev.latvian.mods.kubejs.forge.BuiltinKubeJSForgeClientPlugin
[17:31:22] [INIT] - com.almostreliable.lootjs.kube.LootJSPlugin
[17:31:22] [INFO] Loaded script server_scripts:aquaculture_loot.js in 0.001 s
[17:31:22] [INFO] Loaded script server_scripts:aquaculture_progression.js in 0.0 s
[17:31:22] [INFO] Loaded script server_scripts:aquaculture_sigils.js in 0.0 s
[17:31:22] [INFO] Loaded script server_scripts:cataclysm_boss_loot.js in 0.0 s
[17:31:22] [INFO] Loaded script server_scripts:custom_recipes.js in 0.0 s
[17:31:22] [INFO] Loaded script server_scripts:disabled_recipes.js in 0.001 s
[17:31:22] [INFO] example.js#5: Hello, World! (Loaded server scripts)
[17:31:22] [INFO] Loaded script server_scripts:example.js in 0.0 s
[17:31:22] [INFO] grue_balance.js#5: Loaded Java class 'net.minecraft.world.entity.ai.attributes.Attributes'
[17:31:22] [INFO] Loaded script server_scripts:grue_balance.js in 0.0 s
[17:31:22] [INFO] Loaded script server_scripts:mowzie_cataclysm_loot.js in 0.0 s
[17:31:22] [INFO] Loaded script server_scripts:mowzie_cataclysm_recipes.js in 0.001 s
[17:31:22] [INFO] Loaded script server_scripts:soulforged_fishing.js in 0.0 s
[17:31:22] [INFO] Loaded script server_scripts:spawner_modifiers.js in 0.0 s
[17:31:22] [INFO] Loaded script server_scripts:starting_health.js in 0.0 s
[17:31:22] [INFO] Loaded script server_scripts:too_many_bows_recipes.js in 0.001 s
[17:31:22] [INFO] Loaded script server_scripts:vanquish_world_event.js in 0.0 s
[17:31:22] [INFO] Loaded script server_scripts:wrought_axe_effect.js in 0.0 s
[17:31:22] [INFO] Loaded 16/16 KubeJS server scripts in 0.006 s with 0 errors and 0 warnings
[17:31:22] [INFO] Scripts loaded
[17:31:22] [INFO] Initializing recipe event...
[17:31:22] [INFO] Processing recipes...
[17:31:22] [WARN] Failed to parse recipe 'cataclysm:stonecutting/azure_seastone_brick_stair_from_stonecutting[minecraft:stonecutting]'! Falling back to vanilla: ItemStack 'result' can't be empty!
[17:31:22] [INFO] Found 6107 recipes in 18.86 ms
[17:31:22] [INFO] Posted recipe events in 10.10 ms
[17:31:22] [INFO] Added 36 recipes, removed 57 recipes, modified 0 recipes, with 0 failed recipes in 4.436 ms
[17:31:22] [INFO] Server resource reload complete!
